<?xml version="1.0" encoding="UTF-8"?>
<testng-results ignored="0" total="1" passed="1" failed="0" skipped="0">
  <reporter-output>
  </reporter-output>
  <suite started-at="2023-09-24T12:23:23 IST" name="Suite" finished-at="2023-09-24T12:23:51 IST" duration-ms="28081">
    <groups>
    </groups>
    <test started-at="2023-09-24T12:23:23 IST" name="Test" finished-at="2023-09-24T12:23:51 IST" duration-ms="28081">
      <class name="com.starzero.testCases.TC_001_LaunchURL">
        <test-method is-config="true" signature="lauchBrowser(java.lang.String)[pri:0, instance:com.starzero.testCases.TC_001_LaunchURL@36916eb0]" started-at="2023-09-24T12:23:23 IST" name="lauchBrowser" finished-at="2023-09-24T12:23:43 IST" duration-ms="19679" status="PASS">
          <params>
            <param index="0">
              <value>
                <![CDATA[chrome]]>
              </value>
            </param>
          </params>
          <reporter-output>
          </reporter-output>
        </test-method> <!-- lauchBrowser -->
        <test-method signature="validateLandingPage()[pri:0, instance:com.starzero.testCases.TC_001_LaunchURL@36916eb0]" started-at="2023-09-24T12:23:43 IST" name="validateLandingPage" finished-at="2023-09-24T12:23:51 IST" duration-ms="7935" status="PASS">
          <reporter-output>
          </reporter-output>
        </test-method> <!-- validateLandingPage -->
        <test-method is-config="true" signature="tearDown()[pri:0, instance:com.starzero.testCases.TC_001_LaunchURL@36916eb0]" started-at="2023-09-24T12:23:51 IST" name="tearDown" finished-at="2023-09-24T12:23:51 IST" duration-ms="371" status="PASS">
          <reporter-output>
          </reporter-output>
        </test-method> <!-- tearDown -->
      </class> <!-- com.starzero.testCases.TC_001_LaunchURL -->
    </test> <!-- Test -->
  </suite> <!-- Suite -->
</testng-results>
